# JRE version: OpenJDK Runtime Environment Temurin-17.0.14+7 (17.0.14+7) (build 17.0.14+7)
# Java VM: OpenJDK 64-Bit Server VM Temurin-17.0.14+7 (17.0.14+7, mixed mode, sharing, tiered, compressed oops, compressed class ptrs, g1 gc, windows-amd64)
GC Precious Log:
 CPUs: 4 total, 4 available
 Memory: 8122M
 Large Page Support: Disabled
 NUMA Support: Disabled
 Compressed Oops: Enabled (Zero based)
 Heap Region Size: 4M
 Heap Min Capacity: 8M
 Heap Initial Capacity: 128M
 Heap Max Capacity: 8G
 Pre-touch: Disabled
 Parallel Workers: 4
 Concurrent Workers: 1
 Concurrent Refinement Workers: 4
 Periodic GC: Disabled
Heap:
 garbage-first heap   total 696320K, used 233469K [0x0000000600000000, 0x0000000800000000)
  region size 4096K, 2 young (8192K), 2 survivors (8192K)
 Metaspace       used 149202K, committed 150016K, reserved 1179648K
  class space    used 18876K, committed 19264K, reserved 1048576K
GC Heap History (20 events):
Event: 2757.576 GC heap after
{Heap after GC invocations=106 (full 0):
 garbage-first heap   total 696320K, used 213419K [0x0000000600000000, 0x0000000800000000)
  region size 4096K, 1 young (4096K), 1 survivors (4096K)
 Metaspace       used 149090K, committed 149952K, reserved 1179648K
  class space    used 18876K, committed 19264K, reserved 1048576K
}
Event: 2762.414 GC heap before
{Heap before GC invocations=106 (full 0):
 garbage-first heap   total 696320K, used 590251K [0x0000000600000000, 0x0000000800000000)
  region size 4096K, 93 young (380928K), 1 survivors (4096K)
 Metaspace       used 149102K, committed 149952K, reserved 1179648K
  class space    used 18876K, committed 19264K, reserved 1048576K
}
Event: 2762.419 GC heap after
{Heap after GC invocations=107 (full 0):
 garbage-first heap   total 696320K, used 215515K [0x0000000600000000, 0x0000000800000000)
  region size 4096K, 1 young (4096K), 1 survivors (4096K)
 Metaspace       used 149102K, committed 149952K, reserved 1179648K
  class space    used 18876K, committed 19264K, reserved 1048576K
}
Event: 2765.513 GC heap before
{Heap before GC invocations=108 (full 0):
 garbage-first heap   total 696320K, used 596443K [0x0000000600000000, 0x0000000800000000)
  region size 4096K, 94 young (385024K), 1 survivors (4096K)
 Metaspace       used 149103K, committed 149952K, reserved 1179648K
  class space    used 18876K, committed 19264K, reserved 1048576K
}
Event: 2765.523 GC heap after
{Heap after GC invocations=109 (full 0):
 garbage-first heap   total 696320K, used 218870K [0x0000000600000000, 0x0000000800000000)
  region size 4096K, 2 young (8192K), 2 survivors (8192K)
 Metaspace       used 149103K, committed 149952K, reserved 1179648K
  class space    used 18876K, committed 19264K, reserved 1048576K
}
Event: 2765.782 GC heap before
{Heap before GC invocations=109 (full 0):
 garbage-first heap   total 696320K, used 243446K [0x0000000600000000, 0x0000000800000000)
  region size 4096K, 8 young (32768K), 2 survivors (8192K)
 Metaspace       used 149103K, committed 149952K, reserved 1179648K
  class space    used 18876K, committed 19264K, reserved 1048576K
}
Event: 2765.790 GC heap after
{Heap after GC invocations=110 (full 0):
 garbage-first heap   total 696320K, used 216770K [0x0000000600000000, 0x0000000800000000)
  region size 4096K, 1 young (4096K), 1 survivors (4096K)
 Metaspace       used 149103K, committed 149952K, reserved 1179648K
  class space    used 18876K, committed 19264K, reserved 1048576K
}
Event: 2775.739 GC heap before
{Heap before GC invocations=110 (full 0):
 garbage-first heap   total 696320K, used 597698K [0x0000000600000000, 0x0000000800000000)
  region size 4096K, 94 young (385024K), 1 survivors (4096K)
 Metaspace       used 149165K, committed 150016K, reserved 1179648K
  class space    used 18876K, committed 19264K, reserved 1048576K
}
Event: 2775.750 GC heap after
{Heap after GC invocations=111 (full 0):
 garbage-first heap   total 696320K, used 219747K [0x0000000600000000, 0x0000000800000000)
  region size 4096K, 1 young (4096K), 1 survivors (4096K)
 Metaspace       used 149165K, committed 150016K, reserved 1179648K
  class space    used 18876K, committed 19264K, reserved 1048576K
}
Event: 2779.472 GC heap before
{Heap before GC invocations=112 (full 0):
 garbage-first heap   total 696320K, used 604771K [0x0000000600000000, 0x0000000800000000)
  region size 4096K, 95 young (389120K), 1 survivors (4096K)
 Metaspace       used 149172K, committed 150016K, reserved 1179648K
  class space    used 18876K, committed 19264K, reserved 1048576K
}
Event: 2779.484 GC heap after
{Heap after GC invocations=113 (full 0):
 garbage-first heap   total 696320K, used 220704K [0x0000000600000000, 0x0000000800000000)
  region size 4096K, 2 young (8192K), 2 survivors (8192K)
 Metaspace       used 149172K, committed 150016K, reserved 1179648K
  class space    used 18876K, committed 19264K, reserved 1048576K
}
Event: 2779.808 GC heap before
{Heap before GC invocations=113 (full 0):
 garbage-first heap   total 696320K, used 245280K [0x0000000600000000, 0x0000000800000000)
  region size 4096K, 8 young (32768K), 2 survivors (8192K)
 Metaspace       used 149172K, committed 150016K, reserved 1179648K
  class space    used 18876K, committed 19264K, reserved 1048576K
}
Event: 2779.819 GC heap after
{Heap after GC invocations=114 (full 0):
 garbage-first heap   total 696320K, used 218012K [0x0000000600000000, 0x0000000800000000)
  region size 4096K, 1 young (4096K), 1 survivors (4096K)
 Metaspace       used 149172K, committed 150016K, reserved 1179648K
  class space    used 18876K, committed 19264K, reserved 1048576K
}
Event: 2787.521 GC heap before
{Heap before GC invocations=114 (full 0):
 garbage-first heap   total 696320K, used 603036K [0x0000000600000000, 0x0000000800000000)
  region size 4096K, 97 young (397312K), 1 survivors (4096K)
 Metaspace       used 149188K, committed 150016K, reserved 1179648K
  class space    used 18876K, committed 19264K, reserved 1048576K
}
Event: 2787.531 GC heap after
{Heap after GC invocations=115 (full 0):
 garbage-first heap   total 696320K, used 219553K [0x0000000600000000, 0x0000000800000000)
  region size 4096K, 1 young (4096K), 1 survivors (4096K)
 Metaspace       used 149188K, committed 150016K, reserved 1179648K
  class space    used 18876K, committed 19264K, reserved 1048576K
}
Event: 2792.748 GC heap before
{Heap before GC invocations=116 (full 0):
 garbage-first heap   total 696320K, used 604577K [0x0000000600000000, 0x0000000800000000)
  region size 4096K, 95 young (389120K), 1 survivors (4096K)
 Metaspace       used 149196K, committed 150016K, reserved 1179648K
  class space    used 18876K, committed 19264K, reserved 1048576K
}
Event: 2792.775 GC heap after
{Heap after GC invocations=117 (full 0):
 garbage-first heap   total 696320K, used 232927K [0x0000000600000000, 0x0000000800000000)
  region size 4096K, 4 young (16384K), 4 survivors (16384K)
 Metaspace       used 149196K, committed 150016K, reserved 1179648K
  class space    used 18876K, committed 19264K, reserved 1048576K
}
Event: 2792.884 GC heap before
{Heap before GC invocations=117 (full 0):
 garbage-first heap   total 696320K, used 249311K [0x0000000600000000, 0x0000000800000000)
  region size 4096K, 8 young (32768K), 4 survivors (16384K)
 Metaspace       used 149196K, committed 150016K, reserved 1179648K
  class space    used 18876K, committed 19264K, reserved 1048576K
}
Event: 2792.906 GC heap after
{Heap after GC invocations=118 (full 0):
 garbage-first heap   total 696320K, used 230947K [0x0000000600000000, 0x0000000800000000)
  region size 4096K, 1 young (4096K), 1 survivors (4096K)
 Metaspace       used 149196K, committed 150016K, reserved 1179648K
  class space    used 18876K, committed 19264K, reserved 1048576K
}
Event: 2799.873 GC heap before
{Heap before GC invocations=118 (full 0):
 garbage-first heap   total 696320K, used 603683K [0x0000000600000000, 0x0000000800000000)
  region size 4096K, 92 young (376832K), 1 survivors (4096K)
 Metaspace       used 149202K, committed 150016K, reserved 1179648K
  class space    used 18876K, committed 19264K, reserved 1048576K
}

