# JRE version: OpenJDK Runtime Environment Temurin-17.0.14+7 (17.0.14+7) (build 17.0.14+7)
# Java VM: OpenJDK 64-Bit Server VM Temurin-17.0.14+7 (17.0.14+7, mixed mode, sharing, tiered, compressed oops, compressed class ptrs, g1 gc, windows-amd64)
GC Precious Log:
 CPUs: 4 total, 4 available
 Memory: 8122M
 Large Page Support: Disabled
 NUMA Support: Disabled
 Compressed Oops: Enabled (Zero based)
 Heap Region Size: 4M
 Heap Min Capacity: 8M
 Heap Initial Capacity: 128M
 Heap Max Capacity: 8G
 Pre-touch: Disabled
 Parallel Workers: 4
 Concurrent Workers: 1
 Concurrent Refinement Workers: 4
 Periodic GC: Disabled
Heap:
 garbage-first heap   total 581632K, used 247084K [0x0000000600000000, 0x0000000800000000)
  region size 4096K, 6 young (24576K), 6 survivors (24576K)
 Metaspace       used 153492K, committed 154432K, reserved 1245184K
  class space    used 19281K, committed 19712K, reserved 1048576K
GC Heap History (20 events):
Event: 2096.467 GC heap after
{Heap after GC invocations=118 (full 0):
 garbage-first heap   total 483328K, used 181724K [0x0000000600000000, 0x0000000800000000)
  region size 4096K, 2 young (8192K), 2 survivors (8192K)
 Metaspace       used 150311K, committed 151168K, reserved 1245184K
  class space    used 19000K, committed 19392K, reserved 1048576K
}
Event: 2215.304 GC heap before
{Heap before GC invocations=118 (full 0):
 garbage-first heap   total 483328K, used 407004K [0x0000000600000000, 0x0000000800000000)
  region size 4096K, 56 young (229376K), 2 survivors (8192K)
 Metaspace       used 151408K, committed 152320K, reserved 1245184K
  class space    used 19091K, committed 19520K, reserved 1048576K
}
Event: 2215.348 GC heap after
{Heap after GC invocations=119 (full 0):
 garbage-first heap   total 483328K, used 216856K [0x0000000600000000, 0x0000000800000000)
  region size 4096K, 7 young (28672K), 7 survivors (28672K)
 Metaspace       used 151408K, committed 152320K, reserved 1245184K
  class space    used 19091K, committed 19520K, reserved 1048576K
}
Event: 2216.353 GC heap before
{Heap before GC invocations=119 (full 0):
 garbage-first heap   total 483328K, used 376600K [0x0000000600000000, 0x0000000800000000)
  region size 4096K, 47 young (192512K), 7 survivors (28672K)
 Metaspace       used 151455K, committed 152384K, reserved 1245184K
  class space    used 19094K, committed 19520K, reserved 1048576K
}
Event: 2216.388 GC heap after
{Heap after GC invocations=120 (full 0):
 garbage-first heap   total 483328K, used 221308K [0x0000000600000000, 0x0000000800000000)
  region size 4096K, 1 young (4096K), 1 survivors (4096K)
 Metaspace       used 151455K, committed 152384K, reserved 1245184K
  class space    used 19094K, committed 19520K, reserved 1048576K
}
Event: 2218.680 GC heap before
{Heap before GC invocations=120 (full 0):
 garbage-first heap   total 483328K, used 385148K [0x0000000600000000, 0x0000000800000000)
  region size 4096K, 42 young (172032K), 1 survivors (4096K)
 Metaspace       used 152496K, committed 153408K, reserved 1245184K
  class space    used 19201K, committed 19648K, reserved 1048576K
}
Event: 2218.689 GC heap after
{Heap after GC invocations=121 (full 0):
 garbage-first heap   total 483328K, used 222683K [0x0000000600000000, 0x0000000800000000)
  region size 4096K, 2 young (8192K), 2 survivors (8192K)
 Metaspace       used 152496K, committed 153408K, reserved 1245184K
  class space    used 19201K, committed 19648K, reserved 1048576K
}
Event: 2220.763 GC heap before
{Heap before GC invocations=122 (full 0):
 garbage-first heap   total 483328K, used 394715K [0x0000000600000000, 0x0000000800000000)
  region size 4096K, 44 young (180224K), 2 survivors (8192K)
 Metaspace       used 153447K, committed 154368K, reserved 1245184K
  class space    used 19280K, committed 19712K, reserved 1048576K
}
Event: 2220.778 GC heap after
{Heap after GC invocations=123 (full 0):
 garbage-first heap   total 483328K, used 227954K [0x0000000600000000, 0x0000000800000000)
  region size 4096K, 3 young (12288K), 3 survivors (12288K)
 Metaspace       used 153447K, committed 154368K, reserved 1245184K
  class space    used 19280K, committed 19712K, reserved 1048576K
}
Event: 2220.797 GC heap before
{Heap before GC invocations=123 (full 0):
 garbage-first heap   total 483328K, used 236146K [0x0000000600000000, 0x0000000800000000)
  region size 4096K, 5 young (20480K), 3 survivors (12288K)
 Metaspace       used 153447K, committed 154368K, reserved 1245184K
  class space    used 19280K, committed 19712K, reserved 1048576K
}
Event: 2220.810 GC heap after
{Heap after GC invocations=124 (full 0):
 garbage-first heap   total 581632K, used 224868K [0x0000000600000000, 0x0000000800000000)
  region size 4096K, 1 young (4096K), 1 survivors (4096K)
 Metaspace       used 153447K, committed 154368K, reserved 1245184K
  class space    used 19280K, committed 19712K, reserved 1048576K
}
Event: 2221.521 GC heap before
{Heap before GC invocations=124 (full 0):
 garbage-first heap   total 581632K, used 482916K [0x0000000600000000, 0x0000000800000000)
  region size 4096K, 65 young (266240K), 1 survivors (4096K)
 Metaspace       used 153473K, committed 154368K, reserved 1245184K
  class space    used 19280K, committed 19712K, reserved 1048576K
}
Event: 2221.532 GC heap after
{Heap after GC invocations=125 (full 0):
 garbage-first heap   total 581632K, used 230685K [0x0000000600000000, 0x0000000800000000)
  region size 4096K, 2 young (8192K), 2 survivors (8192K)
 Metaspace       used 153473K, committed 154368K, reserved 1245184K
  class space    used 19280K, committed 19712K, reserved 1048576K
}
Event: 2222.704 GC heap before
{Heap before GC invocations=125 (full 0):
 garbage-first heap   total 581632K, used 476445K [0x0000000600000000, 0x0000000800000000)
  region size 4096K, 63 young (258048K), 2 survivors (8192K)
 Metaspace       used 153487K, committed 154432K, reserved 1245184K
  class space    used 19280K, committed 19712K, reserved 1048576K
}
Event: 2222.715 GC heap after
{Heap after GC invocations=126 (full 0):
 garbage-first heap   total 581632K, used 233473K [0x0000000600000000, 0x0000000800000000)
  region size 4096K, 3 young (12288K), 3 survivors (12288K)
 Metaspace       used 153487K, committed 154432K, reserved 1245184K
  class space    used 19280K, committed 19712K, reserved 1048576K
}
Event: 2223.353 GC heap before
{Heap before GC invocations=126 (full 0):
 garbage-first heap   total 581632K, used 487425K [0x0000000600000000, 0x0000000800000000)
  region size 4096K, 65 young (266240K), 3 survivors (12288K)
 Metaspace       used 153490K, committed 154432K, reserved 1245184K
  class space    used 19281K, committed 19712K, reserved 1048576K
}
Event: 2223.369 GC heap after
{Heap after GC invocations=127 (full 0):
 garbage-first heap   total 581632K, used 239939K [0x0000000600000000, 0x0000000800000000)
  region size 4096K, 5 young (20480K), 5 survivors (20480K)
 Metaspace       used 153490K, committed 154432K, reserved 1245184K
  class space    used 19281K, committed 19712K, reserved 1048576K
}
Event: 2223.784 GC heap before
{Heap before GC invocations=127 (full 0):
 garbage-first heap   total 581632K, used 485699K [0x0000000600000000, 0x0000000800000000)
  region size 4096K, 65 young (266240K), 5 survivors (20480K)
 Metaspace       used 153490K, committed 154432K, reserved 1245184K
  class space    used 19281K, committed 19712K, reserved 1048576K
}
Event: 2223.803 GC heap after
{Heap after GC invocations=128 (full 0):
 garbage-first heap   total 581632K, used 242725K [0x0000000600000000, 0x0000000800000000)
  region size 4096K, 5 young (20480K), 5 survivors (20480K)
 Metaspace       used 153490K, committed 154432K, reserved 1245184K
  class space    used 19281K, committed 19712K, reserved 1048576K
}
Event: 2224.171 GC heap before
{Heap before GC invocations=128 (full 0):
 garbage-first heap   total 581632K, used 488485K [0x0000000600000000, 0x0000000800000000)
  region size 4096K, 65 young (266240K), 5 survivors (20480K)
 Metaspace       used 153492K, committed 154432K, reserved 1245184K
  class space    used 19281K, committed 19712K, reserved 1048576K
}

